2023-11-21 23:28:41,974 [Worker-0: Loading available Gradle versions] INFO  o.e.b.c.i.u.g.PublishedGradleVersions - Gradle version information cache is up-to-date. Trying to read.
2023-11-21 23:30:47,034 [Worker-7: Building] WARN  o.a.m.s.f.DefaultMavenResourcesFiltering - Using platform encoding (Cp1252 actually) to copy filtered resources, i.e. build is platform dependent!
2023-11-21 23:30:47,045 [Worker-7: Building] INFO  o.a.m.s.f.DefaultMavenResourcesFiltering - Copying 0 resource
2023-11-21 23:30:47,053 [Worker-7: Building] WARN  o.a.m.s.f.DefaultMavenResourcesFiltering - Using platform encoding (Cp1252 actually) to copy filtered resources, i.e. build is platform dependent!
2023-11-21 23:30:47,055 [Worker-7: Building] INFO  o.a.m.s.f.DefaultMavenResourcesFiltering - Copying 0 resource
2023-11-21 23:35:12,378 [Worker-9: Building] WARN  o.a.m.s.f.DefaultMavenResourcesFiltering - Using platform encoding (Cp1252 actually) to copy filtered resources, i.e. build is platform dependent!
2023-11-21 23:35:12,384 [Worker-9: Building] INFO  o.a.m.s.f.DefaultMavenResourcesFiltering - Copying 0 resource
2023-11-21 23:35:12,392 [Worker-9: Building] WARN  o.a.m.s.f.DefaultMavenResourcesFiltering - Using platform encoding (Cp1252 actually) to copy filtered resources, i.e. build is platform dependent!
2023-11-21 23:35:12,393 [Worker-9: Building] INFO  o.a.m.s.f.DefaultMavenResourcesFiltering - Copying 0 resource
2023-11-21 23:38:20,859 [Worker-6: Building] WARN  o.a.m.s.f.DefaultMavenResourcesFiltering - Using platform encoding (Cp1252 actually) to copy filtered resources, i.e. build is platform dependent!
2023-11-21 23:38:20,879 [Worker-6: Building] INFO  o.a.m.s.f.DefaultMavenResourcesFiltering - Copying 0 resource
2023-11-21 23:38:20,890 [Worker-6: Building] WARN  o.a.m.s.f.DefaultMavenResourcesFiltering - Using platform encoding (Cp1252 actually) to copy filtered resources, i.e. build is platform dependent!
2023-11-21 23:38:20,892 [Worker-6: Building] INFO  o.a.m.s.f.DefaultMavenResourcesFiltering - Copying 0 resource
2023-11-22 00:01:51,076 [Worker-12: Building] WARN  o.a.m.s.f.DefaultMavenResourcesFiltering - Using platform encoding (Cp1252 actually) to copy filtered resources, i.e. build is platform dependent!
2023-11-22 00:01:51,079 [Worker-12: Building] INFO  o.a.m.s.f.DefaultMavenResourcesFiltering - Copying 0 resource
2023-11-22 00:01:51,085 [Worker-12: Building] WARN  o.a.m.s.f.DefaultMavenResourcesFiltering - Using platform encoding (Cp1252 actually) to copy filtered resources, i.e. build is platform dependent!
2023-11-22 00:01:51,088 [Worker-12: Building] INFO  o.a.m.s.f.DefaultMavenResourcesFiltering - Copying 0 resource
2023-11-22 00:15:43,427 [Worker-14: Building] WARN  o.a.m.s.f.DefaultMavenResourcesFiltering - Using platform encoding (Cp1252 actually) to copy filtered resources, i.e. build is platform dependent!
2023-11-22 00:15:43,432 [Worker-14: Building] INFO  o.a.m.s.f.DefaultMavenResourcesFiltering - Copying 0 resource
2023-11-22 00:15:43,438 [Worker-14: Building] WARN  o.a.m.s.f.DefaultMavenResourcesFiltering - Using platform encoding (Cp1252 actually) to copy filtered resources, i.e. build is platform dependent!
2023-11-22 00:15:43,440 [Worker-14: Building] INFO  o.a.m.s.f.DefaultMavenResourcesFiltering - Copying 0 resource
2023-11-22 16:49:56,379 [Worker-38: Building] WARN  o.a.m.s.f.DefaultMavenResourcesFiltering - Using platform encoding (Cp1252 actually) to copy filtered resources, i.e. build is platform dependent!
2023-11-22 16:49:56,384 [Worker-38: Building] INFO  o.a.m.s.f.DefaultMavenResourcesFiltering - Copying 0 resource
2023-11-22 16:49:56,388 [Worker-38: Building] WARN  o.a.m.s.f.DefaultMavenResourcesFiltering - Using platform encoding (Cp1252 actually) to copy filtered resources, i.e. build is platform dependent!
2023-11-22 16:49:56,390 [Worker-38: Building] INFO  o.a.m.s.f.DefaultMavenResourcesFiltering - Copying 0 resource
2023-11-22 22:34:34,681 [Worker-42: Building] WARN  o.a.m.s.f.DefaultMavenResourcesFiltering - Using platform encoding (Cp1252 actually) to copy filtered resources, i.e. build is platform dependent!
2023-11-22 22:34:34,685 [Worker-42: Building] INFO  o.a.m.s.f.DefaultMavenResourcesFiltering - Copying 0 resource
2023-11-22 22:34:34,692 [Worker-42: Building] WARN  o.a.m.s.f.DefaultMavenResourcesFiltering - Using platform encoding (Cp1252 actually) to copy filtered resources, i.e. build is platform dependent!
2023-11-22 22:34:34,694 [Worker-42: Building] INFO  o.a.m.s.f.DefaultMavenResourcesFiltering - Copying 0 resource
2023-11-22 23:10:48,258 [Worker-44: Launching LoginTest] WARN  o.a.m.s.f.DefaultMavenResourcesFiltering - Using platform encoding (Cp1252 actually) to copy filtered resources, i.e. build is platform dependent!
2023-11-22 23:10:48,261 [Worker-44: Launching LoginTest] INFO  o.a.m.s.f.DefaultMavenResourcesFiltering - Copying 0 resource
2023-11-22 23:10:48,265 [Worker-44: Launching LoginTest] WARN  o.a.m.s.f.DefaultMavenResourcesFiltering - Using platform encoding (Cp1252 actually) to copy filtered resources, i.e. build is platform dependent!
2023-11-22 23:10:48,266 [Worker-44: Launching LoginTest] INFO  o.a.m.s.f.DefaultMavenResourcesFiltering - Copying 0 resource
2023-11-22 23:18:57,228 [Worker-48: Launching LoginTest] WARN  o.a.m.s.f.DefaultMavenResourcesFiltering - Using platform encoding (Cp1252 actually) to copy filtered resources, i.e. build is platform dependent!
2023-11-22 23:18:57,231 [Worker-48: Launching LoginTest] INFO  o.a.m.s.f.DefaultMavenResourcesFiltering - Copying 0 resource
2023-11-22 23:18:57,235 [Worker-48: Launching LoginTest] WARN  o.a.m.s.f.DefaultMavenResourcesFiltering - Using platform encoding (Cp1252 actually) to copy filtered resources, i.e. build is platform dependent!
2023-11-22 23:18:57,237 [Worker-48: Launching LoginTest] INFO  o.a.m.s.f.DefaultMavenResourcesFiltering - Copying 0 resource
2023-11-22 23:19:51,522 [Worker-50: Launching LoginTest] WARN  o.a.m.s.f.DefaultMavenResourcesFiltering - Using platform encoding (Cp1252 actually) to copy filtered resources, i.e. build is platform dependent!
2023-11-22 23:19:51,525 [Worker-50: Launching LoginTest] INFO  o.a.m.s.f.DefaultMavenResourcesFiltering - Copying 0 resource
2023-11-22 23:19:51,529 [Worker-50: Launching LoginTest] WARN  o.a.m.s.f.DefaultMavenResourcesFiltering - Using platform encoding (Cp1252 actually) to copy filtered resources, i.e. build is platform dependent!
2023-11-22 23:19:51,530 [Worker-50: Launching LoginTest] INFO  o.a.m.s.f.DefaultMavenResourcesFiltering - Copying 0 resource
2023-11-22 23:23:11,371 [Worker-48: Launching LoginTest] WARN  o.a.m.s.f.DefaultMavenResourcesFiltering - Using platform encoding (Cp1252 actually) to copy filtered resources, i.e. build is platform dependent!
2023-11-22 23:23:11,373 [Worker-48: Launching LoginTest] INFO  o.a.m.s.f.DefaultMavenResourcesFiltering - Copying 0 resource
2023-11-22 23:23:11,379 [Worker-48: Launching LoginTest] WARN  o.a.m.s.f.DefaultMavenResourcesFiltering - Using platform encoding (Cp1252 actually) to copy filtered resources, i.e. build is platform dependent!
2023-11-22 23:23:11,382 [Worker-48: Launching LoginTest] INFO  o.a.m.s.f.DefaultMavenResourcesFiltering - Copying 0 resource
2023-11-22 23:24:43,447 [Worker-44: Launching LoginTest] WARN  o.a.m.s.f.DefaultMavenResourcesFiltering - Using platform encoding (Cp1252 actually) to copy filtered resources, i.e. build is platform dependent!
2023-11-22 23:24:43,450 [Worker-44: Launching LoginTest] INFO  o.a.m.s.f.DefaultMavenResourcesFiltering - Copying 0 resource
2023-11-22 23:24:43,453 [Worker-44: Launching LoginTest] WARN  o.a.m.s.f.DefaultMavenResourcesFiltering - Using platform encoding (Cp1252 actually) to copy filtered resources, i.e. build is platform dependent!
2023-11-22 23:24:43,455 [Worker-44: Launching LoginTest] INFO  o.a.m.s.f.DefaultMavenResourcesFiltering - Copying 0 resource
2023-11-22 23:25:44,448 [Worker-52: Launching LoginTest] WARN  o.a.m.s.f.DefaultMavenResourcesFiltering - Using platform encoding (Cp1252 actually) to copy filtered resources, i.e. build is platform dependent!
2023-11-22 23:25:44,450 [Worker-52: Launching LoginTest] INFO  o.a.m.s.f.DefaultMavenResourcesFiltering - Copying 0 resource
2023-11-22 23:25:44,454 [Worker-52: Launching LoginTest] WARN  o.a.m.s.f.DefaultMavenResourcesFiltering - Using platform encoding (Cp1252 actually) to copy filtered resources, i.e. build is platform dependent!
2023-11-22 23:25:44,456 [Worker-52: Launching LoginTest] INFO  o.a.m.s.f.DefaultMavenResourcesFiltering - Copying 0 resource
2023-11-29 12:22:20,008 [Worker-52: Building] WARN  o.a.m.s.f.DefaultMavenResourcesFiltering - Using platform encoding (Cp1252 actually) to copy filtered resources, i.e. build is platform dependent!
2023-11-29 12:22:20,011 [Worker-52: Building] INFO  o.a.m.s.f.DefaultMavenResourcesFiltering - Copying 0 resource
2023-11-29 12:22:20,020 [Worker-52: Building] WARN  o.a.m.s.f.DefaultMavenResourcesFiltering - Using platform encoding (Cp1252 actually) to copy filtered resources, i.e. build is platform dependent!
2023-11-29 12:22:20,021 [Worker-52: Building] INFO  o.a.m.s.f.DefaultMavenResourcesFiltering - Copying 0 resource
2023-11-29 12:23:03,856 [Worker-52: Building] WARN  o.a.m.s.f.DefaultMavenResourcesFiltering - Using platform encoding (Cp1252 actually) to copy filtered resources, i.e. build is platform dependent!
2023-11-29 12:23:03,860 [Worker-52: Building] INFO  o.a.m.s.f.DefaultMavenResourcesFiltering - Copying 0 resource
2023-11-29 12:23:03,865 [Worker-52: Building] WARN  o.a.m.s.f.DefaultMavenResourcesFiltering - Using platform encoding (Cp1252 actually) to copy filtered resources, i.e. build is platform dependent!
2023-11-29 12:23:03,866 [Worker-52: Building] INFO  o.a.m.s.f.DefaultMavenResourcesFiltering - Copying 0 resource
2023-11-29 12:27:24,983 [Worker-52: Launching LoginTest] WARN  o.a.m.s.f.DefaultMavenResourcesFiltering - Using platform encoding (Cp1252 actually) to copy filtered resources, i.e. build is platform dependent!
2023-11-29 12:27:24,985 [Worker-52: Launching LoginTest] INFO  o.a.m.s.f.DefaultMavenResourcesFiltering - Copying 0 resource
2023-11-29 12:27:24,988 [Worker-52: Launching LoginTest] WARN  o.a.m.s.f.DefaultMavenResourcesFiltering - Using platform encoding (Cp1252 actually) to copy filtered resources, i.e. build is platform dependent!
2023-11-29 12:27:24,989 [Worker-52: Launching LoginTest] INFO  o.a.m.s.f.DefaultMavenResourcesFiltering - Copying 0 resource
2023-11-29 12:30:14,814 [Worker-56: Launching LoginTest] WARN  o.a.m.s.f.DefaultMavenResourcesFiltering - Using platform encoding (Cp1252 actually) to copy filtered resources, i.e. build is platform dependent!
2023-11-29 12:30:14,816 [Worker-56: Launching LoginTest] INFO  o.a.m.s.f.DefaultMavenResourcesFiltering - Copying 0 resource
2023-11-29 12:30:14,823 [Worker-56: Launching LoginTest] WARN  o.a.m.s.f.DefaultMavenResourcesFiltering - Using platform encoding (Cp1252 actually) to copy filtered resources, i.e. build is platform dependent!
2023-11-29 12:30:14,824 [Worker-56: Launching LoginTest] INFO  o.a.m.s.f.DefaultMavenResourcesFiltering - Copying 0 resource
2023-11-29 12:31:59,701 [Worker-51: Building] WARN  o.a.m.s.f.DefaultMavenResourcesFiltering - Using platform encoding (Cp1252 actually) to copy filtered resources, i.e. build is platform dependent!
2023-11-29 12:31:59,703 [Worker-51: Building] INFO  o.a.m.s.f.DefaultMavenResourcesFiltering - Copying 0 resource
2023-11-29 12:31:59,710 [Worker-51: Building] WARN  o.a.m.s.f.DefaultMavenResourcesFiltering - Using platform encoding (Cp1252 actually) to copy filtered resources, i.e. build is platform dependent!
2023-11-29 12:31:59,711 [Worker-51: Building] INFO  o.a.m.s.f.DefaultMavenResourcesFiltering - Copying 0 resource
2023-11-29 12:45:45,211 [Worker-51: Building] WARN  o.a.m.s.f.DefaultMavenResourcesFiltering - Using platform encoding (Cp1252 actually) to copy filtered resources, i.e. build is platform dependent!
2023-11-29 12:45:45,213 [Worker-51: Building] INFO  o.a.m.s.f.DefaultMavenResourcesFiltering - Copying 0 resource
2023-11-29 12:45:45,217 [Worker-51: Building] WARN  o.a.m.s.f.DefaultMavenResourcesFiltering - Using platform encoding (Cp1252 actually) to copy filtered resources, i.e. build is platform dependent!
2023-11-29 12:45:45,218 [Worker-51: Building] INFO  o.a.m.s.f.DefaultMavenResourcesFiltering - Copying 0 resource
2023-12-15 07:07:55,148 [Worker-124: Updating Maven Project] INFO  o.e.m.c.i.p.ProjectConfigurationManager - Update started
2023-12-15 07:07:57,674 [Worker-124: Updating Maven Project] INFO  o.e.m.c.i.l.LifecycleMappingFactory - Using org.eclipse.m2e.jdt.JarLifecycleMapping lifecycle mapping for MavenProject: AutomationFrameWork:AutomationFrameWork:0.0.1-SNAPSHOT @ C:\Users\hp\Desktop\Java1\AutomationFrameWork\pom.xml.
2023-12-15 07:08:04,322 [Worker-124: Updating Maven Project] INFO  o.e.m.j.i.AbstractJavaProjectConfigurator - Adding source folder /AutomationFrameWork/src/main/java
2023-12-15 07:08:04,322 [Worker-124: Updating Maven Project] INFO  o.e.m.j.i.AbstractJavaProjectConfigurator - Adding resource folder /AutomationFrameWork/src/main/resources
2023-12-15 07:08:04,323 [Worker-124: Updating Maven Project] INFO  o.e.m.j.i.AbstractJavaProjectConfigurator - Adding source folder /AutomationFrameWork/src/test/java
2023-12-15 07:08:04,324 [Worker-124: Updating Maven Project] INFO  o.e.m.j.i.AbstractJavaProjectConfigurator - Adding resource folder /AutomationFrameWork/src/test/resources
2023-12-15 07:08:04,685 [Worker-124: Updating Maven Project] INFO  o.e.m.c.i.p.ProjectConfigurationManager - Update completed for 1 poms: local refresh takes 0.00 sec, refresh facades takes 8.00 sec, update config takes 0.00 sec 
2023-12-15 07:08:05,143 [Worker-126: Building] WARN  o.a.m.s.f.DefaultMavenResourcesFiltering - Using platform encoding (Cp1252 actually) to copy filtered resources, i.e. build is platform dependent!
2023-12-15 07:08:05,145 [Worker-126: Building] INFO  o.a.m.s.f.DefaultMavenResourcesFiltering - Copying 0 resource
2023-12-15 07:08:05,150 [Worker-126: Building] WARN  o.a.m.s.f.DefaultMavenResourcesFiltering - Using platform encoding (Cp1252 actually) to copy filtered resources, i.e. build is platform dependent!
2023-12-15 07:08:05,151 [Worker-126: Building] INFO  o.a.m.s.f.DefaultMavenResourcesFiltering - Copying 0 resource
2023-12-26 22:45:32,382 [Worker-4: Loading available Gradle versions] INFO  o.e.b.c.i.u.g.PublishedGradleVersions - Gradle version information cache is up-to-date. Trying to read.
2024-01-02 07:54:03,160 [Worker-3: Loading available Gradle versions] INFO  o.e.b.c.i.u.g.PublishedGradleVersions - Gradle version information cache is out-of-date. Trying to update.
2024-01-02 08:28:46,555 [Worker-14: Launching Executing test in C__Users_hp_Desktop_Java1_AutomationFrameWork] INFO  o.eclipse.m2e.core.internal.Bundles - getClasspathEntries(Bundle=org.eclipse.m2e.maven.runtime_3.8.701.20230209-1606 [274])
2024-01-02 08:28:46,574 [Worker-14: Launching Executing test in C__Users_hp_Desktop_Java1_AutomationFrameWork] INFO  o.eclipse.m2e.core.internal.Bundles - 	Entry: C:\Users\hp\Documents\eclipse\plugins\org.eclipse.m2e.maven.runtime_3.8.701.20230209-1606
2024-01-02 08:28:46,575 [Worker-14: Launching Executing test in C__Users_hp_Desktop_Java1_AutomationFrameWork] INFO  o.eclipse.m2e.core.internal.Bundles - 	Entry: C:\Users\hp\Documents\eclipse\plugins\org.eclipse.m2e.maven.runtime_3.8.701.20230209-1606\jars\aether-connector-okhttp-0.17.8.jar
2024-01-02 08:28:46,576 [Worker-14: Launching Executing test in C__Users_hp_Desktop_Java1_AutomationFrameWork] INFO  o.eclipse.m2e.core.internal.Bundles - 	Entry: C:\Users\hp\Documents\eclipse\plugins\org.eclipse.m2e.maven.runtime_3.8.701.20230209-1606\jars\commons-lang3-3.8.1.jar
2024-01-02 08:28:46,576 [Worker-14: Launching Executing test in C__Users_hp_Desktop_Java1_AutomationFrameWork] INFO  o.eclipse.m2e.core.internal.Bundles - 	Entry: C:\Users\hp\Documents\eclipse\plugins\org.eclipse.m2e.maven.runtime_3.8.701.20230209-1606\jars\guice-4.2.2-no_aop.jar
2024-01-02 08:28:46,576 [Worker-14: Launching Executing test in C__Users_hp_Desktop_Java1_AutomationFrameWork] INFO  o.eclipse.m2e.core.internal.Bundles - 	Entry: C:\Users\hp\Documents\eclipse\plugins\org.eclipse.m2e.maven.runtime_3.8.701.20230209-1606\jars\jansi-2.4.0.jar
2024-01-02 08:28:46,576 [Worker-14: Launching Executing test in C__Users_hp_Desktop_Java1_AutomationFrameWork] INFO  o.eclipse.m2e.core.internal.Bundles - 	Entry: C:\Users\hp\Documents\eclipse\plugins\org.eclipse.m2e.maven.runtime_3.8.701.20230209-1606\jars\maven-artifact-3.8.7.jar
2024-01-02 08:28:46,577 [Worker-14: Launching Executing test in C__Users_hp_Desktop_Java1_AutomationFrameWork] INFO  o.eclipse.m2e.core.internal.Bundles - 	Entry: C:\Users\hp\Documents\eclipse\plugins\org.eclipse.m2e.maven.runtime_3.8.701.20230209-1606\jars\maven-builder-support-3.8.7.jar
2024-01-02 08:28:46,577 [Worker-14: Launching Executing test in C__Users_hp_Desktop_Java1_AutomationFrameWork] INFO  o.eclipse.m2e.core.internal.Bundles - 	Entry: C:\Users\hp\Documents\eclipse\plugins\org.eclipse.m2e.maven.runtime_3.8.701.20230209-1606\jars\maven-compat-3.8.7.jar
2024-01-02 08:28:46,577 [Worker-14: Launching Executing test in C__Users_hp_Desktop_Java1_AutomationFrameWork] INFO  o.eclipse.m2e.core.internal.Bundles - 	Entry: C:\Users\hp\Documents\eclipse\plugins\org.eclipse.m2e.maven.runtime_3.8.701.20230209-1606\jars\maven-core-3.8.7.jar
2024-01-02 08:28:46,577 [Worker-14: Launching Executing test in C__Users_hp_Desktop_Java1_AutomationFrameWork] INFO  o.eclipse.m2e.core.internal.Bundles - 	Entry: C:\Users\hp\Documents\eclipse\plugins\org.eclipse.m2e.maven.runtime_3.8.701.20230209-1606\jars\maven-embedder-3.8.7.jar
2024-01-02 08:28:46,578 [Worker-14: Launching Executing test in C__Users_hp_Desktop_Java1_AutomationFrameWork] INFO  o.eclipse.m2e.core.internal.Bundles - 	Entry: C:\Users\hp\Documents\eclipse\plugins\org.eclipse.m2e.maven.runtime_3.8.701.20230209-1606\jars\maven-model-3.8.7.jar
2024-01-02 08:28:46,578 [Worker-14: Launching Executing test in C__Users_hp_Desktop_Java1_AutomationFrameWork] INFO  o.eclipse.m2e.core.internal.Bundles - 	Entry: C:\Users\hp\Documents\eclipse\plugins\org.eclipse.m2e.maven.runtime_3.8.701.20230209-1606\jars\maven-model-builder-3.8.7.jar
2024-01-02 08:28:46,578 [Worker-14: Launching Executing test in C__Users_hp_Desktop_Java1_AutomationFrameWork] INFO  o.eclipse.m2e.core.internal.Bundles - 	Entry: C:\Users\hp\Documents\eclipse\plugins\org.eclipse.m2e.maven.runtime_3.8.701.20230209-1606\jars\maven-plugin-api-3.8.7.jar
2024-01-02 08:28:46,578 [Worker-14: Launching Executing test in C__Users_hp_Desktop_Java1_AutomationFrameWork] INFO  o.eclipse.m2e.core.internal.Bundles - 	Entry: C:\Users\hp\Documents\eclipse\plugins\org.eclipse.m2e.maven.runtime_3.8.701.20230209-1606\jars\maven-repository-metadata-3.8.7.jar
2024-01-02 08:28:46,579 [Worker-14: Launching Executing test in C__Users_hp_Desktop_Java1_AutomationFrameWork] INFO  o.eclipse.m2e.core.internal.Bundles - 	Entry: C:\Users\hp\Documents\eclipse\plugins\org.eclipse.m2e.maven.runtime_3.8.701.20230209-1606\jars\maven-resolver-api-1.6.3.jar
2024-01-02 08:28:46,579 [Worker-14: Launching Executing test in C__Users_hp_Desktop_Java1_AutomationFrameWork] INFO  o.eclipse.m2e.core.internal.Bundles - 	Entry: C:\Users\hp\Documents\eclipse\plugins\org.eclipse.m2e.maven.runtime_3.8.701.20230209-1606\jars\maven-resolver-connector-basic-1.6.3.jar
2024-01-02 08:28:46,579 [Worker-14: Launching Executing test in C__Users_hp_Desktop_Java1_AutomationFrameWork] INFO  o.eclipse.m2e.core.internal.Bundles - 	Entry: C:\Users\hp\Documents\eclipse\plugins\org.eclipse.m2e.maven.runtime_3.8.701.20230209-1606\jars\maven-resolver-impl-1.6.3.jar
2024-01-02 08:28:46,579 [Worker-14: Launching Executing test in C__Users_hp_Desktop_Java1_AutomationFrameWork] INFO  o.eclipse.m2e.core.internal.Bundles - 	Entry: C:\Users\hp\Documents\eclipse\plugins\org.eclipse.m2e.maven.runtime_3.8.701.20230209-1606\jars\maven-resolver-provider-3.8.7.jar
2024-01-02 08:28:46,579 [Worker-14: Launching Executing test in C__Users_hp_Desktop_Java1_AutomationFrameWork] INFO  o.eclipse.m2e.core.internal.Bundles - 	Entry: C:\Users\hp\Documents\eclipse\plugins\org.eclipse.m2e.maven.runtime_3.8.701.20230209-1606\jars\maven-resolver-spi-1.6.3.jar
2024-01-02 08:28:46,580 [Worker-14: Launching Executing test in C__Users_hp_Desktop_Java1_AutomationFrameWork] INFO  o.eclipse.m2e.core.internal.Bundles - 	Entry: C:\Users\hp\Documents\eclipse\plugins\org.eclipse.m2e.maven.runtime_3.8.701.20230209-1606\jars\maven-resolver-transport-wagon-1.6.3.jar
2024-01-02 08:28:46,580 [Worker-14: Launching Executing test in C__Users_hp_Desktop_Java1_AutomationFrameWork] INFO  o.eclipse.m2e.core.internal.Bundles - 	Entry: C:\Users\hp\Documents\eclipse\plugins\org.eclipse.m2e.maven.runtime_3.8.701.20230209-1606\jars\maven-resolver-util-1.6.3.jar
2024-01-02 08:28:46,580 [Worker-14: Launching Executing test in C__Users_hp_Desktop_Java1_AutomationFrameWork] INFO  o.eclipse.m2e.core.internal.Bundles - 	Entry: C:\Users\hp\Documents\eclipse\plugins\org.eclipse.m2e.maven.runtime_3.8.701.20230209-1606\jars\maven-settings-3.8.7.jar
2024-01-02 08:28:46,580 [Worker-14: Launching Executing test in C__Users_hp_Desktop_Java1_AutomationFrameWork] INFO  o.eclipse.m2e.core.internal.Bundles - 	Entry: C:\Users\hp\Documents\eclipse\plugins\org.eclipse.m2e.maven.runtime_3.8.701.20230209-1606\jars\maven-settings-builder-3.8.7.jar
2024-01-02 08:28:46,581 [Worker-14: Launching Executing test in C__Users_hp_Desktop_Java1_AutomationFrameWork] INFO  o.eclipse.m2e.core.internal.Bundles - 	Entry: C:\Users\hp\Documents\eclipse\plugins\org.eclipse.m2e.maven.runtime_3.8.701.20230209-1606\jars\maven-shared-utils-3.3.4.jar
2024-01-02 08:28:46,581 [Worker-14: Launching Executing test in C__Users_hp_Desktop_Java1_AutomationFrameWork] INFO  o.eclipse.m2e.core.internal.Bundles - 	Entry: C:\Users\hp\Documents\eclipse\plugins\org.eclipse.m2e.maven.runtime_3.8.701.20230209-1606\jars\okhttp-3.14.1.jar
2024-01-02 08:28:46,581 [Worker-14: Launching Executing test in C__Users_hp_Desktop_Java1_AutomationFrameWork] INFO  o.eclipse.m2e.core.internal.Bundles - 	Entry: C:\Users\hp\Documents\eclipse\plugins\org.eclipse.m2e.maven.runtime_3.8.701.20230209-1606\jars\okio-1.17.3.jar
2024-01-02 08:28:46,581 [Worker-14: Launching Executing test in C__Users_hp_Desktop_Java1_AutomationFrameWork] INFO  o.eclipse.m2e.core.internal.Bundles - 	Entry: C:\Users\hp\Documents\eclipse\plugins\org.eclipse.m2e.maven.runtime_3.8.701.20230209-1606\jars\org.eclipse.sisu.inject-0.3.5.jar
2024-01-02 08:28:46,581 [Worker-14: Launching Executing test in C__Users_hp_Desktop_Java1_AutomationFrameWork] INFO  o.eclipse.m2e.core.internal.Bundles - 	Entry: C:\Users\hp\Documents\eclipse\plugins\org.eclipse.m2e.maven.runtime_3.8.701.20230209-1606\jars\org.eclipse.sisu.plexus-0.3.5.jar
2024-01-02 08:28:46,582 [Worker-14: Launching Executing test in C__Users_hp_Desktop_Java1_AutomationFrameWork] INFO  o.eclipse.m2e.core.internal.Bundles - 	Entry: C:\Users\hp\Documents\eclipse\plugins\org.eclipse.m2e.maven.runtime_3.8.701.20230209-1606\jars\plexus-build-api-0.0.7.jar
2024-01-02 08:28:46,582 [Worker-14: Launching Executing test in C__Users_hp_Desktop_Java1_AutomationFrameWork] INFO  o.eclipse.m2e.core.internal.Bundles - 	Entry: C:\Users\hp\Documents\eclipse\plugins\org.eclipse.m2e.maven.runtime_3.8.701.20230209-1606\jars\plexus-cipher-2.0.jar
2024-01-02 08:28:46,582 [Worker-14: Launching Executing test in C__Users_hp_Desktop_Java1_AutomationFrameWork] INFO  o.eclipse.m2e.core.internal.Bundles - 	Entry: C:\Users\hp\Documents\eclipse\plugins\org.eclipse.m2e.maven.runtime_3.8.701.20230209-1606\jars\plexus-classworlds-2.6.0.jar
2024-01-02 08:28:46,583 [Worker-14: Launching Executing test in C__Users_hp_Desktop_Java1_AutomationFrameWork] INFO  o.eclipse.m2e.core.internal.Bundles - 	Entry: C:\Users\hp\Documents\eclipse\plugins\org.eclipse.m2e.maven.runtime_3.8.701.20230209-1606\jars\plexus-component-annotations-2.1.0.jar
2024-01-02 08:28:46,583 [Worker-14: Launching Executing test in C__Users_hp_Desktop_Java1_AutomationFrameWork] INFO  o.eclipse.m2e.core.internal.Bundles - 	Entry: C:\Users\hp\Documents\eclipse\plugins\org.eclipse.m2e.maven.runtime_3.8.701.20230209-1606\jars\plexus-interpolation-1.26.jar
2024-01-02 08:28:46,583 [Worker-14: Launching Executing test in C__Users_hp_Desktop_Java1_AutomationFrameWork] INFO  o.eclipse.m2e.core.internal.Bundles - 	Entry: C:\Users\hp\Documents\eclipse\plugins\org.eclipse.m2e.maven.runtime_3.8.701.20230209-1606\jars\plexus-sec-dispatcher-2.0.jar
2024-01-02 08:28:46,583 [Worker-14: Launching Executing test in C__Users_hp_Desktop_Java1_AutomationFrameWork] INFO  o.eclipse.m2e.core.internal.Bundles - 	Entry: C:\Users\hp\Documents\eclipse\plugins\org.eclipse.m2e.maven.runtime_3.8.701.20230209-1606\jars\plexus-utils-3.3.1.jar
2024-01-02 08:28:46,583 [Worker-14: Launching Executing test in C__Users_hp_Desktop_Java1_AutomationFrameWork] INFO  o.eclipse.m2e.core.internal.Bundles - 	Entry: C:\Users\hp\Documents\eclipse\plugins\org.eclipse.m2e.maven.runtime_3.8.701.20230209-1606\jars\wagon-file-3.5.3.jar
2024-01-02 08:28:46,584 [Worker-14: Launching Executing test in C__Users_hp_Desktop_Java1_AutomationFrameWork] INFO  o.eclipse.m2e.core.internal.Bundles - 	Entry: C:\Users\hp\Documents\eclipse\plugins\org.eclipse.m2e.maven.runtime_3.8.701.20230209-1606\jars\wagon-provider-api-3.5.3.jar
2024-01-02 08:28:46,586 [Worker-14: Launching Executing test in C__Users_hp_Desktop_Java1_AutomationFrameWork] INFO  o.eclipse.m2e.core.internal.Bundles - getClasspathEntries(Bundle=com.google.guava_31.1.0.jre [9])
2024-01-02 08:28:46,588 [Worker-14: Launching Executing test in C__Users_hp_Desktop_Java1_AutomationFrameWork] INFO  o.eclipse.m2e.core.internal.Bundles - 	Entry: C:\Users\hp\Documents\eclipse\plugins\com.google.guava_31.1.0.jre.jar
2024-01-02 08:28:46,588 [Worker-14: Launching Executing test in C__Users_hp_Desktop_Java1_AutomationFrameWork] INFO  o.eclipse.m2e.core.internal.Bundles - getClasspathEntries(Bundle=slf4j.api_1.7.36 [442])
2024-01-02 08:28:46,589 [Worker-14: Launching Executing test in C__Users_hp_Desktop_Java1_AutomationFrameWork] INFO  o.eclipse.m2e.core.internal.Bundles - 	Entry: C:\Users\hp\Documents\eclipse\plugins\slf4j.api_1.7.36.jar
2024-01-02 08:28:46,589 [Worker-14: Launching Executing test in C__Users_hp_Desktop_Java1_AutomationFrameWork] INFO  o.eclipse.m2e.core.internal.Bundles - getClasspathEntries(Bundle=javax.inject_1.0.0.v20220405-0441 [21])
2024-01-02 08:28:46,590 [Worker-14: Launching Executing test in C__Users_hp_Desktop_Java1_AutomationFrameWork] INFO  o.eclipse.m2e.core.internal.Bundles - 	Entry: C:\Users\hp\Documents\eclipse\plugins\javax.inject_1.0.0.v20220405-0441.jar
2024-01-02 08:28:46,590 [Worker-14: Launching Executing test in C__Users_hp_Desktop_Java1_AutomationFrameWork] INFO  o.eclipse.m2e.core.internal.Bundles - getClasspathEntries(Bundle=javax.annotation_1.3.5.v20221203-1659 [19])
2024-01-02 08:28:46,592 [Worker-14: Launching Executing test in C__Users_hp_Desktop_Java1_AutomationFrameWork] INFO  o.eclipse.m2e.core.internal.Bundles - 	Entry: C:\Users\hp\Documents\eclipse\plugins\javax.annotation_1.3.5.v20221203-1659.jar
2024-01-02 08:28:46,592 [Worker-14: Launching Executing test in C__Users_hp_Desktop_Java1_AutomationFrameWork] INFO  o.eclipse.m2e.core.internal.Bundles - getClasspathEntries(Bundle=org.apache.commons.cli_1.4.0.v20221112-0806 [41])
2024-01-02 08:28:46,610 [Worker-14: Launching Executing test in C__Users_hp_Desktop_Java1_AutomationFrameWork] INFO  o.eclipse.m2e.core.internal.Bundles - 	Entry: C:\Users\hp\Documents\eclipse\plugins\org.apache.commons.cli_1.4.0.v20221112-0806.jar
2024-01-02 08:28:46,610 [Worker-14: Launching Executing test in C__Users_hp_Desktop_Java1_AutomationFrameWork] INFO  o.eclipse.m2e.core.internal.Bundles - getClasspathEntries(Bundle=com.google.guava.failureaccess_1.0.1 [11])
2024-01-02 08:28:46,611 [Worker-14: Launching Executing test in C__Users_hp_Desktop_Java1_AutomationFrameWork] INFO  o.eclipse.m2e.core.internal.Bundles - 	Entry: C:\Users\hp\Documents\eclipse\plugins\com.google.guava.failureaccess_1.0.1.jar
2024-01-02 08:28:46,617 [Worker-14: Launching Executing test in C__Users_hp_Desktop_Java1_AutomationFrameWork] INFO  o.e.m.i.launch.MavenLaunchDelegate - Run build in "C:\Users\hp\Desktop\Java1\AutomationFrameWork":
2024-01-02 08:28:46,622 [Worker-14: Launching Executing test in C__Users_hp_Desktop_Java1_AutomationFrameWork] INFO  o.e.m.i.launch.MavenLaunchDelegate -  mvn  -B -Dstyle.color=always test
